[0m[0m[0m
[90;1mRunning tests...
[97m1[90;22m/1[38;5;242m â”‚ [38;5;240m [32mâ— [97;1mblah
[0m[0m
dir/subdir/file.cpp:5:
[91;1mTEST FAILED: [93;22m[1mblah[33;22m [31mâ”â”â”â”â”â”â”â”â”â”â”â”â”â”â”â”â”â”â”â”â”â”â”â”â”â”â”â”â”â”â”â”â”â”â”â”â”â”â”â”â”â”â”â”â”â”â”â”â”â”â”â”â”â”â”â”â”â”â”â”â”â”â”â”â”â”â”â”â”â”â”â”â”â”â”â”â”â”â”â”â”â”

[0m[0mdir/subdir/file.cpp:7:
[91;1mAssertion failed:

    [39mTA_CHECK( [90;22m$ [ [38;5;77;1m42 [90;22m] [39;1m== [32m0 [39m)
                  [38;5;77mâ”‚
                  42

[0m[0mdir/subdir/file.cpp:8:
[91;1mAssertion failed:

    [39mTA_CHECK( ([90;22m$[39;1m)[90;22m[[38;5;77;1m42[90;22m] [39;1m== [32m0 [39m)
                  [38;5;77mâ”‚
                  42

[0m[0mdir/subdir/file.cpp:9:
[91;1mAssertion failed:

    [39mTA_CHECK( ( [90;22m$ [39;1m) [90;22m[ [38;5;77;1m42 [90;22m] [39;1m== [32m0 [39m)
                      [38;5;77mâ”‚
                      42

[0m[0mdir/subdir/file.cpp:10:
[91;1mAssertion failed:

    [39mTA_CHECK( (((([90;22m$[39;1m)) ))[90;22m[ [38;5;77;1m42[90;22m] [39;1m== [32m0 [39m)
                          [38;5;77mâ”‚
                          42

[0m[0m[38;5;242mâ”€â”€â”€â”€â”€â”€â”€â”€â”€â”€â”€â”€â”€â”€â”€â”€â”€â”€â”€â”€â”€â”€â”€â”€â”€â”€â”€â”€â”€â”€â”€â”€â”€â”€â”€â”€â”€â”€â”€â”€â”€â”€â”€â”€â”€â”€â”€â”€â”€â”€â”€â”€â”€â”€â”€â”€â”€â”€â”€â”€â”€â”€â”€â”€â”€â”€â”€â”€â”€â”€â”€â”€â”€â”€â”€â”€â”€â”€â”€â”€â”€â”€â”€â”€â”€â”€â”€â”€â”€â”€â”€â”€â”€â”€â”€â”€â”€â”€â”€â”€
[0m[0m
[91;1mFOLLOWING TESTS FAILED:

â— blah[38;5;242;22m      â”‚ [39mdir/subdir/file.cpp:5
[0m[0m
[97m             Tests    Checks
[91;1mFAILED           1         4

[0m